
> Customer Management Interface@0.1.0 server
> ts-node --project tsconfig.server.json server/index.ts

[dotenv@17.2.3] injecting env (1) from .env.local -- tip: 🛠️  run anywhere with `dotenvx run -- yourcommand`
Error: listen EADDRINUSE: address already in use :::3001
    at Server.setupListenHandle [as _listen2] (node:net:1940:16)
    at listenInCluster (node:net:1997:12)
    at Server.listen (node:net:2102:7)
    at app.listen (H:\INTERNAL_TOOLS\Tuttle_Customer_Mapping\node_modules\express\lib\application.js:635:24)
    at Object.<anonymous> (H:\INTERNAL_TOOLS\Tuttle_Customer_Mapping\server\index.ts:38:5)
    at Module._compile (node:internal/modules/cjs/loader:1761:14)
    at Module.m._compile (H:\INTERNAL_TOOLS\Tuttle_Customer_Mapping\node_modules\ts-node\src\index.ts:1618:23)
    at node:internal/modules/cjs/loader:1893:10
    at Object.require.extensions.<computed> [as .ts] (H:\INTERNAL_TOOLS\Tuttle_Customer_Mapping\node_modules\ts-node\src\index.ts:1621:12)
    at Module.load (node:internal/modules/cjs/loader:1481:32) {
  code: 'EADDRINUSE',
  errno: -4091,
  syscall: 'listen',
  address: '::',
  port: 3001
}
